[11267] debug @0.000757> [hit #1] trying to match `/hello/aa' against /^\/([^\/]+)$/ in /usr/local/lib/perl5/site_perl/5.8.9/Dancer/Route.pm l. 73
[11267] debug @0.001223> [hit #1] trying to match `/hello/aa' against /^\/([^\/]+)$/ in /usr/local/lib/perl5/site_perl/5.8.9/Dancer/Route.pm l. 73
[11267] debug @0.001431> [hit #1] trying to match `/hello/aa' against /^\/$/ in /usr/local/lib/perl5/site_perl/5.8.9/Dancer/Route.pm l. 73
[11267] debug @0.001635> [hit #1] trying to match `/hello/aa' against /^\/donate\/thanks$/ in /usr/local/lib/perl5/site_perl/5.8.9/Dancer/Route.pm l. 73
[11267] debug @0.001834> [hit #1] trying to match `/hello/aa' against /^\/([^\/]+)$/ in /usr/local/lib/perl5/site_perl/5.8.9/Dancer/Route.pm l. 73
[11267] debug @0.000786> [hit #7] trying to match `/quickstart' against /^\/([^\/]+)$/ in /usr/local/lib/perl5/site_perl/5.8.9/Dancer/Route.pm l. 73
[11267] debug @0.000763> [hit #13] trying to match `/documentation' against /^\/([^\/]+)$/ in /usr/local/lib/perl5/site_perl/5.8.9/Dancer/Route.pm l. 73
[11267] debug @0.000734> [hit #18] trying to match `/used_by' against /^\/([^\/]+)$/ in /usr/local/lib/perl5/site_perl/5.8.9/Dancer/Route.pm l. 73
[11267] debug @0.000723> [hit #25] trying to match `/used_by' against /^\/([^\/]+)$/ in /usr/local/lib/perl5/site_perl/5.8.9/Dancer/Route.pm l. 73
[11267] debug @0.000739> [hit #30] trying to match `/donate' against /^\/([^\/]+)$/ in /usr/local/lib/perl5/site_perl/5.8.9/Dancer/Route.pm l. 73
[11267] debug @0.000762> [hit #35] trying to match `/about' against /^\/([^\/]+)$/ in /usr/local/lib/perl5/site_perl/5.8.9/Dancer/Route.pm l. 73
[11267] debug @0.000776> [hit #43] trying to match `/about' against /^\/([^\/]+)$/ in /usr/local/lib/perl5/site_perl/5.8.9/Dancer/Route.pm l. 73
[11267] debug @0.000739> [hit #48] trying to match `/about' against /^\/([^\/]+)$/ in /usr/local/lib/perl5/site_perl/5.8.9/Dancer/Route.pm l. 73
[11267] debug @0.000719> [hit #53] trying to match `/used_by' against /^\/([^\/]+)$/ in /usr/local/lib/perl5/site_perl/5.8.9/Dancer/Route.pm l. 73
[11267] debug @0.000690> [hit #61] trying to match `/download' against /^\/([^\/]+)$/ in /usr/local/lib/perl5/site_perl/5.8.9/Dancer/Route.pm l. 73
[11267] debug @0.000731> [hit #66] trying to match `/example' against /^\/([^\/]+)$/ in /usr/local/lib/perl5/site_perl/5.8.9/Dancer/Route.pm l. 73
[11267] debug @0.000756> [hit #73] trying to match `/example' against /^\/([^\/]+)$/ in /usr/local/lib/perl5/site_perl/5.8.9/Dancer/Route.pm l. 73
[11267] debug @0.000725> [hit #78] trying to match `/example' against /^\/([^\/]+)$/ in /usr/local/lib/perl5/site_perl/5.8.9/Dancer/Route.pm l. 73
[11267] debug @0.000726> [hit #85] trying to match `/donate' against /^\/([^\/]+)$/ in /usr/local/lib/perl5/site_perl/5.8.9/Dancer/Route.pm l. 73
[11267] debug @0.000693> [hit #90] trying to match `/about' against /^\/([^\/]+)$/ in /usr/local/lib/perl5/site_perl/5.8.9/Dancer/Route.pm l. 73
[11267] debug @0.000723> [hit #95] trying to match `/used_by' against /^\/([^\/]+)$/ in /usr/local/lib/perl5/site_perl/5.8.9/Dancer/Route.pm l. 73
[11267] debug @0.000757> [hit #100] trying to match `/contribute' against /^\/([^\/]+)$/ in /usr/local/lib/perl5/site_perl/5.8.9/Dancer/Route.pm l. 73
[11267] debug @0.000685> [hit #105] trying to match `/download' against /^\/([^\/]+)$/ in /usr/local/lib/perl5/site_perl/5.8.9/Dancer/Route.pm l. 73
[11267] debug @0.000685> [hit #110] trying to match `/documentation' against /^\/([^\/]+)$/ in /usr/local/lib/perl5/site_perl/5.8.9/Dancer/Route.pm l. 73
[11267] debug @0.000693> [hit #115] trying to match `/example' against /^\/([^\/]+)$/ in /usr/local/lib/perl5/site_perl/5.8.9/Dancer/Route.pm l. 73
[11267] debug @0.000715> [hit #120] trying to match `/quickstart' against /^\/([^\/]+)$/ in /usr/local/lib/perl5/site_perl/5.8.9/Dancer/Route.pm l. 73
[11267] debug @0.000720> [hit #133] trying to match `/about' against /^\/([^\/]+)$/ in /usr/local/lib/perl5/site_perl/5.8.9/Dancer/Route.pm l. 73
[11267] debug @0.000708> [hit #138] trying to match `/about' against /^\/([^\/]+)$/ in /usr/local/lib/perl5/site_perl/5.8.9/Dancer/Route.pm l. 73
[11267] debug @0.000717> [hit #143] trying to match `/donate' against /^\/([^\/]+)$/ in /usr/local/lib/perl5/site_perl/5.8.9/Dancer/Route.pm l. 73
[11267] debug @0.000720> [hit #148] trying to match `/used_by' against /^\/([^\/]+)$/ in /usr/local/lib/perl5/site_perl/5.8.9/Dancer/Route.pm l. 73
[11267] debug @0.000716> [hit #153] trying to match `/download' against /^\/([^\/]+)$/ in /usr/local/lib/perl5/site_perl/5.8.9/Dancer/Route.pm l. 73
[11267] debug @0.000661> [hit #161] trying to match `/contribute' against /^\/([^\/]+)$/ in /usr/local/lib/perl5/site_perl/5.8.9/Dancer/Route.pm l. 73
[11267] debug @0.000724> [hit #168] trying to match `/contribute' against /^\/([^\/]+)$/ in /usr/local/lib/perl5/site_perl/5.8.9/Dancer/Route.pm l. 73
[11267] debug @0.000710> [hit #173] trying to match `/download' against /^\/([^\/]+)$/ in /usr/local/lib/perl5/site_perl/5.8.9/Dancer/Route.pm l. 73
[11267] debug @0.000731> [hit #181] trying to match `/download' against /^\/([^\/]+)$/ in /usr/local/lib/perl5/site_perl/5.8.9/Dancer/Route.pm l. 73
[11433] debug @0.000757> [hit #2] trying to match `/download' against /^\/([^\/]+)$/ in /usr/local/lib/perl5/site_perl/5.8.9/Dancer/Route.pm l. 73
[11451] debug @0.000731> [hit #1] trying to match `/download' against /^\/([^\/]+)$/ in /usr/local/lib/perl5/site_perl/5.8.9/Dancer/Route.pm l. 73
[11451] debug @0.000726> [hit #2] trying to match `/css/style.css' against /^\/([^\/]+)$/ in /usr/local/lib/perl5/site_perl/5.8.9/Dancer/Route.pm l. 73
[11451] debug @0.001047> [hit #2] trying to match `/css/style.css' against /^\/([^\/]+)$/ in /usr/local/lib/perl5/site_perl/5.8.9/Dancer/Route.pm l. 73
[11451] debug @0.001240> [hit #2] trying to match `/css/style.css' against /^\/$/ in /usr/local/lib/perl5/site_perl/5.8.9/Dancer/Route.pm l. 73
[11451] debug @0.001460> [hit #2] trying to match `/css/style.css' against /^\/donate\/thanks$/ in /usr/local/lib/perl5/site_perl/5.8.9/Dancer/Route.pm l. 73
[11451] debug @0.001662> [hit #2] trying to match `/css/style.css' against /^\/([^\/]+)$/ in /usr/local/lib/perl5/site_perl/5.8.9/Dancer/Route.pm l. 73
[11451] debug @0.000719> [hit #6] trying to match `/download' against /^\/([^\/]+)$/ in /usr/local/lib/perl5/site_perl/5.8.9/Dancer/Route.pm l. 73
[11451] debug @0.000730> [hit #12] trying to match `/download' against /^\/([^\/]+)$/ in /usr/local/lib/perl5/site_perl/5.8.9/Dancer/Route.pm l. 73
[11451] debug @0.000744> [hit #18] trying to match `/download' against /^\/([^\/]+)$/ in /usr/local/lib/perl5/site_perl/5.8.9/Dancer/Route.pm l. 73
[11451] debug @0.000725> [hit #24] trying to match `/download' against /^\/([^\/]+)$/ in /usr/local/lib/perl5/site_perl/5.8.9/Dancer/Route.pm l. 73
[11451] debug @0.000767> [hit #30] trying to match `/download' against /^\/([^\/]+)$/ in /usr/local/lib/perl5/site_perl/5.8.9/Dancer/Route.pm l. 73
[11451] debug @0.000665> [hit #37] trying to match `/contribute' against /^\/([^\/]+)$/ in /usr/local/lib/perl5/site_perl/5.8.9/Dancer/Route.pm l. 73
[11451] debug @0.000719> [hit #43] trying to match `/donate' against /^\/([^\/]+)$/ in /usr/local/lib/perl5/site_perl/5.8.9/Dancer/Route.pm l. 73
[11451] debug @0.000721> [hit #49] trying to match `/download' against /^\/([^\/]+)$/ in /usr/local/lib/perl5/site_perl/5.8.9/Dancer/Route.pm l. 73
[11451] debug @0.000768> [hit #55] trying to match `/documentation' against /^\/([^\/]+)$/ in /usr/local/lib/perl5/site_perl/5.8.9/Dancer/Route.pm l. 73
[11451] debug @0.000727> [hit #65] trying to match `/documentation' against /^\/([^\/]+)$/ in /usr/local/lib/perl5/site_perl/5.8.9/Dancer/Route.pm l. 73
[11451] debug @0.000723> [hit #71] trying to match `/documentation' against /^\/([^\/]+)$/ in /usr/local/lib/perl5/site_perl/5.8.9/Dancer/Route.pm l. 73
[11451] debug @0.000734> [hit #77] trying to match `/documentation' against /^\/([^\/]+)$/ in /usr/local/lib/perl5/site_perl/5.8.9/Dancer/Route.pm l. 73
[11451] debug @0.000729> [hit #82] trying to match `/documentation' against /^\/([^\/]+)$/ in /usr/local/lib/perl5/site_perl/5.8.9/Dancer/Route.pm l. 73
[11451] debug @0.000727> [hit #89] trying to match `/documentation' against /^\/([^\/]+)$/ in /usr/local/lib/perl5/site_perl/5.8.9/Dancer/Route.pm l. 73
[11451] debug @0.000709> [hit #95] trying to match `/documentation' against /^\/([^\/]+)$/ in /usr/local/lib/perl5/site_perl/5.8.9/Dancer/Route.pm l. 73
[11451] debug @0.000734> [hit #101] trying to match `/documentation' against /^\/([^\/]+)$/ in /usr/local/lib/perl5/site_perl/5.8.9/Dancer/Route.pm l. 73
[11451] debug @0.000777> [hit #107] trying to match `/documentation' against /^\/([^\/]+)$/ in /usr/local/lib/perl5/site_perl/5.8.9/Dancer/Route.pm l. 73
[11451] debug @0.000715> [hit #113] trying to match `/documentation' against /^\/([^\/]+)$/ in /usr/local/lib/perl5/site_perl/5.8.9/Dancer/Route.pm l. 73
[14216] debug @0.000730> [hit #1] trying to match `/donate' against /^\/$/ in /usr/local/lib/perl5/site_perl/5.8.9/Dancer/Route.pm l. 73
[14216] debug @0.001143> [hit #1] trying to match `/donate' against /^\/donate\/thanks$/ in /usr/local/lib/perl5/site_perl/5.8.9/Dancer/Route.pm l. 73
[14216] debug @0.000717> [hit #6] trying to match `/documentation' against /^\/$/ in /usr/local/lib/perl5/site_perl/5.8.9/Dancer/Route.pm l. 73
[14216] debug @0.001080> [hit #6] trying to match `/documentation' against /^\/donate\/thanks$/ in /usr/local/lib/perl5/site_perl/5.8.9/Dancer/Route.pm l. 73
[14216] debug @0.000706> [hit #11] trying to match `/contribute' against /^\/$/ in /usr/local/lib/perl5/site_perl/5.8.9/Dancer/Route.pm l. 73
[14216] debug @0.001059> [hit #11] trying to match `/contribute' against /^\/donate\/thanks$/ in /usr/local/lib/perl5/site_perl/5.8.9/Dancer/Route.pm l. 73
[14216] debug @0.000680> [hit #16] trying to match `/about' against /^\/$/ in /usr/local/lib/perl5/site_perl/5.8.9/Dancer/Route.pm l. 73
[14216] debug @0.001029> [hit #16] trying to match `/about' against /^\/donate\/thanks$/ in /usr/local/lib/perl5/site_perl/5.8.9/Dancer/Route.pm l. 73
[14216] debug @0.000663> [hit #21] trying to match `/documentation' against /^\/$/ in /usr/local/lib/perl5/site_perl/5.8.9/Dancer/Route.pm l. 73
[14216] debug @0.001492> [hit #21] trying to match `/documentation' against /^\/donate\/thanks$/ in /usr/local/lib/perl5/site_perl/5.8.9/Dancer/Route.pm l. 73
[14216] debug @0.000702> [hit #26] trying to match `/example' against /^\/$/ in /usr/local/lib/perl5/site_perl/5.8.9/Dancer/Route.pm l. 73
[14216] debug @0.001065> [hit #26] trying to match `/example' against /^\/donate\/thanks$/ in /usr/local/lib/perl5/site_perl/5.8.9/Dancer/Route.pm l. 73
[14216] debug @0.000699> [hit #31] trying to match `/' against /^\/$/ in /usr/local/lib/perl5/site_perl/5.8.9/Dancer/Route.pm l. 73
[14216] debug @0.000720> [hit #36] trying to match `/example' against /^\/$/ in /usr/local/lib/perl5/site_perl/5.8.9/Dancer/Route.pm l. 73
[14216] debug @0.001039> [hit #36] trying to match `/example' against /^\/donate\/thanks$/ in /usr/local/lib/perl5/site_perl/5.8.9/Dancer/Route.pm l. 73
[14216] debug @0.000761> [hit #41] trying to match `/quickstart' against /^\/$/ in /usr/local/lib/perl5/site_perl/5.8.9/Dancer/Route.pm l. 73
[14216] debug @0.001124> [hit #41] trying to match `/quickstart' against /^\/donate\/thanks$/ in /usr/local/lib/perl5/site_perl/5.8.9/Dancer/Route.pm l. 73
[14216] debug @0.000695> [hit #46] trying to match `/' against /^\/$/ in /usr/local/lib/perl5/site_perl/5.8.9/Dancer/Route.pm l. 73
[14216] debug @0.000711> [hit #51] trying to match `/' against /^\/$/ in /usr/local/lib/perl5/site_perl/5.8.9/Dancer/Route.pm l. 73
[14216] debug @0.000751> [hit #56] trying to match `/quickstart' against /^\/$/ in /usr/local/lib/perl5/site_perl/5.8.9/Dancer/Route.pm l. 73
[14216] debug @0.001075> [hit #56] trying to match `/quickstart' against /^\/donate\/thanks$/ in /usr/local/lib/perl5/site_perl/5.8.9/Dancer/Route.pm l. 73
[14216] debug @0.000758> [hit #61] trying to match `/example' against /^\/$/ in /usr/local/lib/perl5/site_perl/5.8.9/Dancer/Route.pm l. 73
[14216] debug @0.001119> [hit #61] trying to match `/example' against /^\/donate\/thanks$/ in /usr/local/lib/perl5/site_perl/5.8.9/Dancer/Route.pm l. 73
[14216] debug @0.000687> [hit #66] trying to match `/download' against /^\/$/ in /usr/local/lib/perl5/site_perl/5.8.9/Dancer/Route.pm l. 73
[14216] debug @0.001038> [hit #66] trying to match `/download' against /^\/donate\/thanks$/ in /usr/local/lib/perl5/site_perl/5.8.9/Dancer/Route.pm l. 73
[14216] debug @0.000724> [hit #71] trying to match `/donate/thanks' against /^\/$/ in /usr/local/lib/perl5/site_perl/5.8.9/Dancer/Route.pm l. 73
[14216] debug @0.001102> [hit #71] trying to match `/donate/thanks' against /^\/donate\/thanks$/ in /usr/local/lib/perl5/site_perl/5.8.9/Dancer/Route.pm l. 73
[14216] debug @0.000685> [hit #77] trying to match `/used_by' against /^\/$/ in /usr/local/lib/perl5/site_perl/5.8.9/Dancer/Route.pm l. 73
[14216] debug @0.001040> [hit #77] trying to match `/used_by' against /^\/donate\/thanks$/ in /usr/local/lib/perl5/site_perl/5.8.9/Dancer/Route.pm l. 73
[14216] debug @0.000692> [hit #82] trying to match `/donate' against /^\/$/ in /usr/local/lib/perl5/site_perl/5.8.9/Dancer/Route.pm l. 73
[14216] debug @0.001043> [hit #82] trying to match `/donate' against /^\/donate\/thanks$/ in /usr/local/lib/perl5/site_perl/5.8.9/Dancer/Route.pm l. 73
[14216] debug @0.000720> [hit #87] trying to match `/download' against /^\/$/ in /usr/local/lib/perl5/site_perl/5.8.9/Dancer/Route.pm l. 73
[14216] debug @0.001102> [hit #87] trying to match `/download' against /^\/donate\/thanks$/ in /usr/local/lib/perl5/site_perl/5.8.9/Dancer/Route.pm l. 73
[14216] debug @0.000721> [hit #92] trying to match `/documentation' against /^\/$/ in /usr/local/lib/perl5/site_perl/5.8.9/Dancer/Route.pm l. 73
[14216] debug @0.001091> [hit #92] trying to match `/documentation' against /^\/donate\/thanks$/ in /usr/local/lib/perl5/site_perl/5.8.9/Dancer/Route.pm l. 73
[14246] debug @0.000734> [hit #1] trying to match `/example' against /^\/([^\/]+)$/ in /usr/local/lib/perl5/site_perl/5.8.9/Dancer/Route.pm l. 73
[14246] debug @0.000770> [hit #6] trying to match `/contribute' against /^\/([^\/]+)$/ in /usr/local/lib/perl5/site_perl/5.8.9/Dancer/Route.pm l. 73
[14246] debug @0.000708> [hit #11] trying to match `/used_by' against /^\/([^\/]+)$/ in /usr/local/lib/perl5/site_perl/5.8.9/Dancer/Route.pm l. 73
[14246] debug @0.000762> [hit #16] trying to match `/about' against /^\/([^\/]+)$/ in /usr/local/lib/perl5/site_perl/5.8.9/Dancer/Route.pm l. 73
[14246] debug @0.000685> [hit #21] trying to match `/donate' against /^\/([^\/]+)$/ in /usr/local/lib/perl5/site_perl/5.8.9/Dancer/Route.pm l. 73
[14246] debug @0.000711> [hit #26] trying to match `/donate/thanks' against /^\/([^\/]+)$/ in /usr/local/lib/perl5/site_perl/5.8.9/Dancer/Route.pm l. 73
[14246] debug @0.001055> [hit #26] trying to match `/donate/thanks' against /^\/([^\/]+)$/ in /usr/local/lib/perl5/site_perl/5.8.9/Dancer/Route.pm l. 73
[14246] debug @0.001275> [hit #26] trying to match `/donate/thanks' against /^\/$/ in /usr/local/lib/perl5/site_perl/5.8.9/Dancer/Route.pm l. 73
[14246] debug @0.001500> [hit #26] trying to match `/donate/thanks' against /^\/donate\/thanks$/ in /usr/local/lib/perl5/site_perl/5.8.9/Dancer/Route.pm l. 73
[14246] debug @0.000697> [hit #31] trying to match `/about' against /^\/([^\/]+)$/ in /usr/local/lib/perl5/site_perl/5.8.9/Dancer/Route.pm l. 73
[14246] debug @0.000715> [hit #36] trying to match `/download' against /^\/([^\/]+)$/ in /usr/local/lib/perl5/site_perl/5.8.9/Dancer/Route.pm l. 73
[14246] debug @0.000738> [hit #41] trying to match `/example' against /^\/([^\/]+)$/ in /usr/local/lib/perl5/site_perl/5.8.9/Dancer/Route.pm l. 73
[14264] debug @0.000735> [hit #1] trying to match `/download' against /^\/$/ in /usr/local/lib/perl5/site_perl/5.8.9/Dancer/Route.pm l. 73
[14264] debug @0.001138> [hit #1] trying to match `/download' against /^\/donate\/thanks$/ in /usr/local/lib/perl5/site_perl/5.8.9/Dancer/Route.pm l. 73
[14264] debug @0.000671> [hit #6] trying to match `/quickstart' against /^\/$/ in /usr/local/lib/perl5/site_perl/5.8.9/Dancer/Route.pm l. 73
[14264] debug @0.001012> [hit #6] trying to match `/quickstart' against /^\/donate\/thanks$/ in /usr/local/lib/perl5/site_perl/5.8.9/Dancer/Route.pm l. 73
[14365] debug @0.000733> [hit #1] trying to match `/quickstart' against /^\/([^\/]+)$/ in /usr/local/lib/perl5/site_perl/5.8.9/Dancer/Route.pm l. 73
[14365] debug @0.000761> [hit #6] trying to match `/quickstart1]' against /^\/([^\/]+)$/ in /usr/local/lib/perl5/site_perl/5.8.9/Dancer/Route.pm l. 73
[14365] debug @0.000734> [hit #8] trying to match `/quickstart' against /^\/([^\/]+)$/ in /usr/local/lib/perl5/site_perl/5.8.9/Dancer/Route.pm l. 73
[14365] debug @0.000734> [hit #13] trying to match `/q' against /^\/([^\/]+)$/ in /usr/local/lib/perl5/site_perl/5.8.9/Dancer/Route.pm l. 73
[26427] debug @0.000721> [hit #2] trying to match `/' against /^\/([^\/]+)$/ in /usr/local/lib/perl5/site_perl/5.8.9/Dancer/Route.pm l. 73
[26427] debug @0.001110> [hit #2] trying to match `/' against /^\/([^\/]+)$/ in /usr/local/lib/perl5/site_perl/5.8.9/Dancer/Route.pm l. 73
[26427] debug @0.001304> [hit #2] trying to match `/' against /^\/$/ in /usr/local/lib/perl5/site_perl/5.8.9/Dancer/Route.pm l. 73
[26456] debug @0.000734> [hit #1] trying to match `/' against /^\/([^\/]+)$/ in /usr/local/lib/perl5/site_perl/5.8.9/Dancer/Route.pm l. 73
[26456] debug @0.001174> [hit #1] trying to match `/' against /^\/([^\/]+)$/ in /usr/local/lib/perl5/site_perl/5.8.9/Dancer/Route.pm l. 73
[26456] debug @0.001375> [hit #1] trying to match `/' against /^\/$/ in /usr/local/lib/perl5/site_perl/5.8.9/Dancer/Route.pm l. 73
[26456] debug @0.000783> [hit #6] trying to match `/' against /^\/([^\/]+)$/ in /usr/local/lib/perl5/site_perl/5.8.9/Dancer/Route.pm l. 73
[26456] debug @0.001174> [hit #6] trying to match `/' against /^\/([^\/]+)$/ in /usr/local/lib/perl5/site_perl/5.8.9/Dancer/Route.pm l. 73
[26456] debug @0.001375> [hit #6] trying to match `/' against /^\/$/ in /usr/local/lib/perl5/site_perl/5.8.9/Dancer/Route.pm l. 73
[26456] debug @0.000671> [hit #13] trying to match `/contribute' against /^\/([^\/]+)$/ in /usr/local/lib/perl5/site_perl/5.8.9/Dancer/Route.pm l. 73
[26456] debug @0.000677> [hit #18] trying to match `/donate' against /^\/([^\/]+)$/ in /usr/local/lib/perl5/site_perl/5.8.9/Dancer/Route.pm l. 73
[26456] debug @0.000716> [hit #24] trying to match `/donate' against /^\/([^\/]+)$/ in /usr/local/lib/perl5/site_perl/5.8.9/Dancer/Route.pm l. 73
[26456] debug @0.000729> [hit #31] trying to match `/donate' against /^\/([^\/]+)$/ in /usr/local/lib/perl5/site_perl/5.8.9/Dancer/Route.pm l. 73
[26456] debug @0.000725> [hit #37] trying to match `/donate' against /^\/([^\/]+)$/ in /usr/local/lib/perl5/site_perl/5.8.9/Dancer/Route.pm l. 73
[26456] debug @0.000696> [hit #43] trying to match `/contribute' against /^\/([^\/]+)$/ in /usr/local/lib/perl5/site_perl/5.8.9/Dancer/Route.pm l. 73
[26456] debug @0.000775> [hit #49] trying to match `/example' against /^\/([^\/]+)$/ in /usr/local/lib/perl5/site_perl/5.8.9/Dancer/Route.pm l. 73
[26456] debug @0.000742> [hit #55] trying to match `/example' against /^\/([^\/]+)$/ in /usr/local/lib/perl5/site_perl/5.8.9/Dancer/Route.pm l. 73
[26456] debug @0.000729> [hit #61] trying to match `/example' against /^\/([^\/]+)$/ in /usr/local/lib/perl5/site_perl/5.8.9/Dancer/Route.pm l. 73
[27358] debug @0.000784> [hit #1] trying to match `/example' against /^\/([^\/]+)$/ in /usr/local/lib/perl5/site_perl/5.8.9/Dancer/Route.pm l. 73
[27358] debug @0.000739> [hit #7] trying to match `/example' against /^\/([^\/]+)$/ in /usr/local/lib/perl5/site_perl/5.8.9/Dancer/Route.pm l. 73
[27358] debug @0.000733> [hit #12] trying to match `/contribute' against /^\/([^\/]+)$/ in /usr/local/lib/perl5/site_perl/5.8.9/Dancer/Route.pm l. 73
[27358] debug @0.000688> [hit #17] trying to match `/contribute' against /^\/([^\/]+)$/ in /usr/local/lib/perl5/site_perl/5.8.9/Dancer/Route.pm l. 73
[27358] debug @0.000744> [hit #26] trying to match `/contribute' against /^\/([^\/]+)$/ in /usr/local/lib/perl5/site_perl/5.8.9/Dancer/Route.pm l. 73
[27358] debug @0.000728> [hit #32] trying to match `/contribute' against /^\/([^\/]+)$/ in /usr/local/lib/perl5/site_perl/5.8.9/Dancer/Route.pm l. 73
[27358] debug @0.000718> [hit #37] trying to match `/contribute' against /^\/([^\/]+)$/ in /usr/local/lib/perl5/site_perl/5.8.9/Dancer/Route.pm l. 73
[27358] debug @0.000806> [hit #44] trying to match `/contribute' against /^\/([^\/]+)$/ in /usr/local/lib/perl5/site_perl/5.8.9/Dancer/Route.pm l. 73
[27358] debug @0.000725> [hit #50] trying to match `/contribute' against /^\/([^\/]+)$/ in /usr/local/lib/perl5/site_perl/5.8.9/Dancer/Route.pm l. 73
[27358] debug @0.000734> [hit #56] trying to match `/contribute' against /^\/([^\/]+)$/ in /usr/local/lib/perl5/site_perl/5.8.9/Dancer/Route.pm l. 73
[27358] debug @0.000743> [hit #62] trying to match `/contribute' against /^\/([^\/]+)$/ in /usr/local/lib/perl5/site_perl/5.8.9/Dancer/Route.pm l. 73
[27358] debug @0.000726> [hit #68] trying to match `/contribute' against /^\/([^\/]+)$/ in /usr/local/lib/perl5/site_perl/5.8.9/Dancer/Route.pm l. 73
[27358] debug @0.000746> [hit #74] trying to match `/download' against /^\/([^\/]+)$/ in /usr/local/lib/perl5/site_perl/5.8.9/Dancer/Route.pm l. 73
[27358] debug @0.000728> [hit #80] trying to match `/download' against /^\/([^\/]+)$/ in /usr/local/lib/perl5/site_perl/5.8.9/Dancer/Route.pm l. 73
[27358] debug @0.000737> [hit #86] trying to match `/contribute' against /^\/([^\/]+)$/ in /usr/local/lib/perl5/site_perl/5.8.9/Dancer/Route.pm l. 73
[27358] debug @0.000730> [hit #92] trying to match `/contribute' against /^\/([^\/]+)$/ in /usr/local/lib/perl5/site_perl/5.8.9/Dancer/Route.pm l. 73
[27358] debug @0.000781> [hit #98] trying to match `/contribute' against /^\/([^\/]+)$/ in /usr/local/lib/perl5/site_perl/5.8.9/Dancer/Route.pm l. 73
[27358] debug @0.000764> [hit #102] trying to match `/contribute' against /^\/([^\/]+)$/ in /usr/local/lib/perl5/site_perl/5.8.9/Dancer/Route.pm l. 73
[27358] debug @0.000744> [hit #106] trying to match `/used_by' against /^\/([^\/]+)$/ in /usr/local/lib/perl5/site_perl/5.8.9/Dancer/Route.pm l. 73
[27358] debug @0.000733> [hit #110] trying to match `/download' against /^\/([^\/]+)$/ in /usr/local/lib/perl5/site_perl/5.8.9/Dancer/Route.pm l. 73
[27358] debug @0.000729> [hit #118] trying to match `/about' against /^\/([^\/]+)$/ in /usr/local/lib/perl5/site_perl/5.8.9/Dancer/Route.pm l. 73
[27358] debug @0.000709> [hit #122] trying to match `/donate' against /^\/([^\/]+)$/ in /usr/local/lib/perl5/site_perl/5.8.9/Dancer/Route.pm l. 73
[27358] debug @0.000716> [hit #126] trying to match `/contribute' against /^\/([^\/]+)$/ in /usr/local/lib/perl5/site_perl/5.8.9/Dancer/Route.pm l. 73
[27358] debug @0.000715> [hit #130] trying to match `/example' against /^\/([^\/]+)$/ in /usr/local/lib/perl5/site_perl/5.8.9/Dancer/Route.pm l. 73
[27358] debug @0.000739> [hit #138] trying to match `/example' against /^\/([^\/]+)$/ in /usr/local/lib/perl5/site_perl/5.8.9/Dancer/Route.pm l. 73
[27358] debug @0.000733> [hit #143] trying to match `/contribute' against /^\/([^\/]+)$/ in /usr/local/lib/perl5/site_perl/5.8.9/Dancer/Route.pm l. 73
[27358] debug @0.000728> [hit #149] trying to match `/contribute' against /^\/([^\/]+)$/ in /usr/local/lib/perl5/site_perl/5.8.9/Dancer/Route.pm l. 73
[27358] debug @0.000732> [hit #154] trying to match `/contribute' against /^\/([^\/]+)$/ in /usr/local/lib/perl5/site_perl/5.8.9/Dancer/Route.pm l. 73
[27358] debug @0.000735> [hit #159] trying to match `/contribute' against /^\/([^\/]+)$/ in /usr/local/lib/perl5/site_perl/5.8.9/Dancer/Route.pm l. 73
[27358] debug @0.000759> [hit #164] trying to match `/contribute' against /^\/([^\/]+)$/ in /usr/local/lib/perl5/site_perl/5.8.9/Dancer/Route.pm l. 73
[27358] debug @0.000745> [hit #169] trying to match `/www.perl.org' against /^\/([^\/]+)$/ in /usr/local/lib/perl5/site_perl/5.8.9/Dancer/Route.pm l. 73
[27358] debug @0.000765> [hit #173] trying to match `/www.perldancer.org' against /^\/([^\/]+)$/ in /usr/local/lib/perl5/site_perl/5.8.9/Dancer/Route.pm l. 73
[27358] debug @0.000731> [hit #177] trying to match `/contribute' against /^\/([^\/]+)$/ in /usr/local/lib/perl5/site_perl/5.8.9/Dancer/Route.pm l. 73
[27358] debug @0.000733> [hit #182] trying to match `/about' against /^\/([^\/]+)$/ in /usr/local/lib/perl5/site_perl/5.8.9/Dancer/Route.pm l. 73
[27358] debug @0.000679> [hit #187] trying to match `/about/' against /^\/([^\/]+)$/ in /usr/local/lib/perl5/site_perl/5.8.9/Dancer/Route.pm l. 73
[27358] debug @0.001001> [hit #187] trying to match `/about/' against /^\/([^\/]+)$/ in /usr/local/lib/perl5/site_perl/5.8.9/Dancer/Route.pm l. 73
[27358] debug @0.001200> [hit #187] trying to match `/about/' against /^\/$/ in /usr/local/lib/perl5/site_perl/5.8.9/Dancer/Route.pm l. 73
[27358] debug @0.001421> [hit #187] trying to match `/about/' against /^\/donate\/thanks$/ in /usr/local/lib/perl5/site_perl/5.8.9/Dancer/Route.pm l. 73
[27358] debug @0.001625> [hit #187] trying to match `/about/' against /^\/([^\/]+)$/ in /usr/local/lib/perl5/site_perl/5.8.9/Dancer/Route.pm l. 73
[27358] debug @0.000777> [hit #192] trying to match `/about/a' against /^\/([^\/]+)$/ in /usr/local/lib/perl5/site_perl/5.8.9/Dancer/Route.pm l. 73
[27358] debug @0.001114> [hit #192] trying to match `/about/a' against /^\/([^\/]+)$/ in /usr/local/lib/perl5/site_perl/5.8.9/Dancer/Route.pm l. 73
[27358] debug @0.001311> [hit #192] trying to match `/about/a' against /^\/$/ in /usr/local/lib/perl5/site_perl/5.8.9/Dancer/Route.pm l. 73
[27358] debug @0.001531> [hit #192] trying to match `/about/a' against /^\/donate\/thanks$/ in /usr/local/lib/perl5/site_perl/5.8.9/Dancer/Route.pm l. 73
[27358] debug @0.001736> [hit #192] trying to match `/about/a' against /^\/([^\/]+)$/ in /usr/local/lib/perl5/site_perl/5.8.9/Dancer/Route.pm l. 73
[27358] debug @0.000742> [hit #202] trying to match `/ab' against /^\/([^\/]+)$/ in /usr/local/lib/perl5/site_perl/5.8.9/Dancer/Route.pm l. 73
[27358] debug @0.000763> [hit #206] trying to match `/abou' against /^\/([^\/]+)$/ in /usr/local/lib/perl5/site_perl/5.8.9/Dancer/Route.pm l. 73
[27358] debug @0.000785> [hit #211] trying to match `/contribute' against /^\/([^\/]+)$/ in /usr/local/lib/perl5/site_perl/5.8.9/Dancer/Route.pm l. 73
[27358] debug @0.000752> [hit #217] trying to match `/about' against /^\/([^\/]+)$/ in /usr/local/lib/perl5/site_perl/5.8.9/Dancer/Route.pm l. 73
[27358] debug @0.000732> [hit #222] trying to match `/about' against /^\/([^\/]+)$/ in /usr/local/lib/perl5/site_perl/5.8.9/Dancer/Route.pm l. 73
[27358] debug @0.000738> [hit #227] trying to match `/about' against /^\/([^\/]+)$/ in /usr/local/lib/perl5/site_perl/5.8.9/Dancer/Route.pm l. 73
[27358] debug @0.000726> [hit #232] trying to match `/about' against /^\/([^\/]+)$/ in /usr/local/lib/perl5/site_perl/5.8.9/Dancer/Route.pm l. 73
[27358] debug @0.000747> [hit #237] trying to match `/about' against /^\/([^\/]+)$/ in /usr/local/lib/perl5/site_perl/5.8.9/Dancer/Route.pm l. 73
[27358] debug @0.000729> [hit #242] trying to match `/about' against /^\/([^\/]+)$/ in /usr/local/lib/perl5/site_perl/5.8.9/Dancer/Route.pm l. 73
[27358] debug @0.000733> [hit #247] trying to match `/about' against /^\/([^\/]+)$/ in /usr/local/lib/perl5/site_perl/5.8.9/Dancer/Route.pm l. 73
[27358] debug @0.000734> [hit #252] trying to match `/about' against /^\/([^\/]+)$/ in /usr/local/lib/perl5/site_perl/5.8.9/Dancer/Route.pm l. 73
[27358] debug @0.000736> [hit #257] trying to match `/about' against /^\/([^\/]+)$/ in /usr/local/lib/perl5/site_perl/5.8.9/Dancer/Route.pm l. 73
[27358] debug @0.000733> [hit #262] trying to match `/about' against /^\/([^\/]+)$/ in /usr/local/lib/perl5/site_perl/5.8.9/Dancer/Route.pm l. 73
[27358] debug @0.000725> [hit #267] trying to match `/about' against /^\/([^\/]+)$/ in /usr/local/lib/perl5/site_perl/5.8.9/Dancer/Route.pm l. 73
[27358] debug @0.000730> [hit #272] trying to match `/' against /^\/([^\/]+)$/ in /usr/local/lib/perl5/site_perl/5.8.9/Dancer/Route.pm l. 73
[27358] debug @0.001076> [hit #272] trying to match `/' against /^\/([^\/]+)$/ in /usr/local/lib/perl5/site_perl/5.8.9/Dancer/Route.pm l. 73
[27358] debug @0.001274> [hit #272] trying to match `/' against /^\/$/ in /usr/local/lib/perl5/site_perl/5.8.9/Dancer/Route.pm l. 73
[27358] debug @0.000727> [hit #276] trying to match `/quickstart' against /^\/([^\/]+)$/ in /usr/local/lib/perl5/site_perl/5.8.9/Dancer/Route.pm l. 73
[27358] debug @0.000721> [hit #280] trying to match `/contribute' against /^\/([^\/]+)$/ in /usr/local/lib/perl5/site_perl/5.8.9/Dancer/Route.pm l. 73
[27358] debug @0.000722> [hit #284] trying to match `/donate' against /^\/([^\/]+)$/ in /usr/local/lib/perl5/site_perl/5.8.9/Dancer/Route.pm l. 73
[27358] debug @0.000696> [hit #288] trying to match `/about' against /^\/([^\/]+)$/ in /usr/local/lib/perl5/site_perl/5.8.9/Dancer/Route.pm l. 73
[27358] debug @0.000676> [hit #297] trying to match `/used_by' against /^\/([^\/]+)$/ in /usr/local/lib/perl5/site_perl/5.8.9/Dancer/Route.pm l. 73
[27358] debug @0.000685> [hit #301] trying to match `/contribute' against /^\/([^\/]+)$/ in /usr/local/lib/perl5/site_perl/5.8.9/Dancer/Route.pm l. 73
[27358] debug @0.000742> [hit #305] trying to match `/download' against /^\/([^\/]+)$/ in /usr/local/lib/perl5/site_perl/5.8.9/Dancer/Route.pm l. 73
[27358] debug @0.000681> [hit #309] trying to match `/quickstart' against /^\/([^\/]+)$/ in /usr/local/lib/perl5/site_perl/5.8.9/Dancer/Route.pm l. 73
[27358] debug @0.000727> [hit #313] trying to match `/' against /^\/([^\/]+)$/ in /usr/local/lib/perl5/site_perl/5.8.9/Dancer/Route.pm l. 73
[27358] debug @0.001070> [hit #313] trying to match `/' against /^\/([^\/]+)$/ in /usr/local/lib/perl5/site_perl/5.8.9/Dancer/Route.pm l. 73
[27358] debug @0.001267> [hit #313] trying to match `/' against /^\/$/ in /usr/local/lib/perl5/site_perl/5.8.9/Dancer/Route.pm l. 73
[27358] debug @0.000730> [hit #317] trying to match `/quickstart' against /^\/([^\/]+)$/ in /usr/local/lib/perl5/site_perl/5.8.9/Dancer/Route.pm l. 73
[27358] debug @0.000733> [hit #327] trying to match `/quickstart' against /^\/([^\/]+)$/ in /usr/local/lib/perl5/site_perl/5.8.9/Dancer/Route.pm l. 73
[27358] debug @0.000710> [hit #331] trying to match `/quickstart' against /^\/([^\/]+)$/ in /usr/local/lib/perl5/site_perl/5.8.9/Dancer/Route.pm l. 73
[27358] debug @0.000744> [hit #335] trying to match `/quickstart' against /^\/([^\/]+)$/ in /usr/local/lib/perl5/site_perl/5.8.9/Dancer/Route.pm l. 73
[27358] debug @0.000695> [hit #339] trying to match `/download' against /^\/([^\/]+)$/ in /usr/local/lib/perl5/site_perl/5.8.9/Dancer/Route.pm l. 73
[27358] debug @0.000670> [hit #347] trying to match `/about' against /^\/([^\/]+)$/ in /usr/local/lib/perl5/site_perl/5.8.9/Dancer/Route.pm l. 73
[27358] debug @0.000772> [hit #352] trying to match `/quickstart' against /^\/([^\/]+)$/ in /usr/local/lib/perl5/site_perl/5.8.9/Dancer/Route.pm l. 73
[27807] debug @0.000766> [hit #1] trying to match `/donate' against /^\/([^\/]+)$/ in /usr/local/lib/perl5/site_perl/5.8.9/Dancer/Route.pm l. 73
[27807] debug @0.000739> [hit #5] trying to match `/about' against /^\/([^\/]+)$/ in /usr/local/lib/perl5/site_perl/5.8.9/Dancer/Route.pm l. 73
[27807] debug @0.000669> [hit #11] trying to match `/donate' against /^\/([^\/]+)$/ in /usr/local/lib/perl5/site_perl/5.8.9/Dancer/Route.pm l. 73
[27807] debug @0.000798> [hit #16] trying to match `/download' against /^\/([^\/]+)$/ in /usr/local/lib/perl5/site_perl/5.8.9/Dancer/Route.pm l. 73
[27807] debug @0.000697> [hit #20] trying to match `/used_by' against /^\/([^\/]+)$/ in /usr/local/lib/perl5/site_perl/5.8.9/Dancer/Route.pm l. 73
[27807] debug @0.000754> [hit #24] trying to match `/about' against /^\/([^\/]+)$/ in /usr/local/lib/perl5/site_perl/5.8.9/Dancer/Route.pm l. 73
[27807] debug @0.000688> [hit #28] trying to match `/donate' against /^\/([^\/]+)$/ in /usr/local/lib/perl5/site_perl/5.8.9/Dancer/Route.pm l. 73
[27807] debug @0.000736> [hit #32] trying to match `/about' against /^\/([^\/]+)$/ in /usr/local/lib/perl5/site_perl/5.8.9/Dancer/Route.pm l. 73
[27960] debug @0.000764> [hit #1] trying to match `/used_by' against /^\/([^\/]+)$/ in /usr/local/lib/perl5/site_perl/5.8.9/Dancer/Route.pm l. 73
[29753] debug @0.000757> [hit #1] trying to match `/a' against /^\/([^\/]+)$/ in /usr/local/lib/perl5/site_perl/5.8.9/Dancer/Route.pm l. 73
[20899] debug @0.000744> [hit #1] trying to match `/' against /^\/([^\/]+)$/ in /usr/local/lib/perl5/site_perl/5.8.9/Dancer/Route.pm l. 73
[20899] debug @0.006392> [hit #1] trying to match `/' against /^\/([^\/]+)$/ in /usr/local/lib/perl5/site_perl/5.8.9/Dancer/Route.pm l. 73
[20899] debug @0.006618> [hit #1] trying to match `/' against /^\/$/ in /usr/local/lib/perl5/site_perl/5.8.9/Dancer/Route.pm l. 73
[20899] debug @0.000786> [hit #5] trying to match `/donate' against /^\/([^\/]+)$/ in /usr/local/lib/perl5/site_perl/5.8.9/Dancer/Route.pm l. 73
[20899] debug @0.000707> [hit #9] trying to match `/about' against /^\/([^\/]+)$/ in /usr/local/lib/perl5/site_perl/5.8.9/Dancer/Route.pm l. 73
[20899] debug @0.000732> [hit #13] trying to match `/used_by' against /^\/([^\/]+)$/ in /usr/local/lib/perl5/site_perl/5.8.9/Dancer/Route.pm l. 73
[20899] debug @0.000744> [hit #17] trying to match `/contribute' against /^\/([^\/]+)$/ in /usr/local/lib/perl5/site_perl/5.8.9/Dancer/Route.pm l. 73
[20899] debug @0.000757> [hit #21] trying to match `/download' against /^\/([^\/]+)$/ in /usr/local/lib/perl5/site_perl/5.8.9/Dancer/Route.pm l. 73
[20899] debug @0.000662> [hit #27] trying to match `/documentation' against /^\/([^\/]+)$/ in /usr/local/lib/perl5/site_perl/5.8.9/Dancer/Route.pm l. 73
[20899] debug @0.000760> [hit #36] trying to match `/about' against /^\/([^\/]+)$/ in /usr/local/lib/perl5/site_perl/5.8.9/Dancer/Route.pm l. 73
[20917] debug @0.000749> [hit #1] trying to match `/about' against /^\/([^\/]+)$/ in /usr/local/lib/perl5/site_perl/5.8.9/Dancer/Route.pm l. 73
[20978] debug @0.000747> [hit #1] trying to match `/about' against /^\/([^\/]+)$/ in /usr/local/lib/perl5/site_perl/5.8.9/Dancer/Route.pm l. 73
[20978] debug @0.000792> [hit #7] trying to match `/documentation' against /^\/([^\/]+)$/ in /usr/local/lib/perl5/site_perl/5.8.9/Dancer/Route.pm l. 73
[20978] debug @0.000741> [hit #12] trying to match `/documentation' against /^\/([^\/]+)$/ in /usr/local/lib/perl5/site_perl/5.8.9/Dancer/Route.pm l. 73
[20978] debug @0.000725> [hit #26] trying to match `/download' against /^\/([^\/]+)$/ in /usr/local/lib/perl5/site_perl/5.8.9/Dancer/Route.pm l. 73
[21276] debug @0.000767> [hit #1] trying to match `/download' against /^\/([^\/]+)$/ in /usr/local/lib/perl5/site_perl/5.8.9/Dancer/Route.pm l. 73
[21276] debug @0.000739> [hit #5] trying to match `/download' against /^\/([^\/]+)$/ in /usr/local/lib/perl5/site_perl/5.8.9/Dancer/Route.pm l. 73
[21276] debug @0.000724> [hit #9] trying to match `/download' against /^\/([^\/]+)$/ in /usr/local/lib/perl5/site_perl/5.8.9/Dancer/Route.pm l. 73
[21276] debug @0.000722> [hit #13] trying to match `/about' against /^\/([^\/]+)$/ in /usr/local/lib/perl5/site_perl/5.8.9/Dancer/Route.pm l. 73
[21276] debug @0.000720> [hit #17] trying to match `/about' against /^\/([^\/]+)$/ in /usr/local/lib/perl5/site_perl/5.8.9/Dancer/Route.pm l. 73
[21276] debug @0.000723> [hit #21] trying to match `/about' against /^\/([^\/]+)$/ in /usr/local/lib/perl5/site_perl/5.8.9/Dancer/Route.pm l. 73
[21276] debug @0.000778> [hit #25] trying to match `/about' against /^\/([^\/]+)$/ in /usr/local/lib/perl5/site_perl/5.8.9/Dancer/Route.pm l. 73
[21276] debug @0.000769> [hit #29] trying to match `/about' against /^\/([^\/]+)$/ in /usr/local/lib/perl5/site_perl/5.8.9/Dancer/Route.pm l. 73
[21276] debug @0.000726> [hit #33] trying to match `/about' against /^\/([^\/]+)$/ in /usr/local/lib/perl5/site_perl/5.8.9/Dancer/Route.pm l. 73
[21276] debug @0.000715> [hit #37] trying to match `/about' against /^\/([^\/]+)$/ in /usr/local/lib/perl5/site_perl/5.8.9/Dancer/Route.pm l. 73
[21276] debug @0.000720> [hit #41] trying to match `/about' against /^\/([^\/]+)$/ in /usr/local/lib/perl5/site_perl/5.8.9/Dancer/Route.pm l. 73
[21276] debug @0.000771> [hit #45] trying to match `/about' against /^\/([^\/]+)$/ in /usr/local/lib/perl5/site_perl/5.8.9/Dancer/Route.pm l. 73
[21276] debug @0.000772> [hit #49] trying to match `/about' against /^\/([^\/]+)$/ in /usr/local/lib/perl5/site_perl/5.8.9/Dancer/Route.pm l. 73
[21276] debug @0.000727> [hit #53] trying to match `/about' against /^\/([^\/]+)$/ in /usr/local/lib/perl5/site_perl/5.8.9/Dancer/Route.pm l. 73
[21276] debug @0.000717> [hit #57] trying to match `/' against /^\/([^\/]+)$/ in /usr/local/lib/perl5/site_perl/5.8.9/Dancer/Route.pm l. 73
[21276] debug @0.001050> [hit #57] trying to match `/' against /^\/([^\/]+)$/ in /usr/local/lib/perl5/site_perl/5.8.9/Dancer/Route.pm l. 73
[21276] debug @0.001240> [hit #57] trying to match `/' against /^\/$/ in /usr/local/lib/perl5/site_perl/5.8.9/Dancer/Route.pm l. 73
[13424] debug @0.000277> [hit #1] trying to match `/' against /^\/([^\/]+)$/ in /usr/local/lib/perl5/site_perl/5.8.9/Dancer/Route.pm l. 73
[13424] debug @0.000439> [hit #1] trying to match `/' against /^\/([^\/]+)$/ in /usr/local/lib/perl5/site_perl/5.8.9/Dancer/Route.pm l. 73
[13424] debug @0.000520> [hit #1] trying to match `/' against /^\/$/ in /usr/local/lib/perl5/site_perl/5.8.9/Dancer/Route.pm l. 73
[13424] debug @0.000315> [hit #5] trying to match `/about' against /^\/([^\/]+)$/ in /usr/local/lib/perl5/site_perl/5.8.9/Dancer/Route.pm l. 73
[13424] debug @0.000302> [hit #9] trying to match `/about' against /^\/([^\/]+)$/ in /usr/local/lib/perl5/site_perl/5.8.9/Dancer/Route.pm l. 73
[13424] debug @0.000263> [hit #13] trying to match `/used_by' against /^\/([^\/]+)$/ in /usr/local/lib/perl5/site_perl/5.8.9/Dancer/Route.pm l. 73
[13424] debug @0.000290> [hit #17] trying to match `/contribute' against /^\/([^\/]+)$/ in /usr/local/lib/perl5/site_perl/5.8.9/Dancer/Route.pm l. 73
[13424] debug @0.000254> [hit #21] trying to match `/' against /^\/([^\/]+)$/ in /usr/local/lib/perl5/site_perl/5.8.9/Dancer/Route.pm l. 73
[13424] debug @0.000378> [hit #21] trying to match `/' against /^\/([^\/]+)$/ in /usr/local/lib/perl5/site_perl/5.8.9/Dancer/Route.pm l. 73
[13424] debug @0.000458> [hit #21] trying to match `/' against /^\/$/ in /usr/local/lib/perl5/site_perl/5.8.9/Dancer/Route.pm l. 73
[13424] debug @0.000300> [hit #25] trying to match `/about' against /^\/([^\/]+)$/ in /usr/local/lib/perl5/site_perl/5.8.9/Dancer/Route.pm l. 73
[13424] debug @0.000289> [hit #29] trying to match `/' against /^\/([^\/]+)$/ in /usr/local/lib/perl5/site_perl/5.8.9/Dancer/Route.pm l. 73
[13424] debug @0.000429> [hit #29] trying to match `/' against /^\/([^\/]+)$/ in /usr/local/lib/perl5/site_perl/5.8.9/Dancer/Route.pm l. 73
[13424] debug @0.000514> [hit #29] trying to match `/' against /^\/$/ in /usr/local/lib/perl5/site_perl/5.8.9/Dancer/Route.pm l. 73
[13424] debug @0.000300> [hit #33] trying to match `/quickstart' against /^\/([^\/]+)$/ in /usr/local/lib/perl5/site_perl/5.8.9/Dancer/Route.pm l. 73
